[s6-init] making user provided files available at /var/run/s6/etc...exited 0.
[s6-init] ensuring user provided files have correct perms...exited 0.
[fix-attrs.d] applying ownership & permissions fixes...
[fix-attrs.d] done.
[cont-init.d] executing container initialization scripts...
[cont-init.d] done.
[services.d] starting services
[services.d] done.
/opt/bin/serf agent --join ha --replay --event-handler member-join=/serf-handlers/member-join.sh --event-handler member-leave,member-failed=/serf-handlers/member-leave.sh --tag role=balancer
==> Starting Serf agent...
==> Starting Serf agent RPC...
==> Serf agent running!
         Node name: '11d97c6387d4'
         Bind addr: '0.0.0.0:7946'
          RPC addr: '127.0.0.1:7373'
         Encrypted: false
          Snapshot: false
           Profile: lan
==> Joining cluster...(replay: true)
[WARNING] 356/171647 (177) : Server nodes/s1 is DOWN, reason: Layer4 connection problem, info: "Connection refused", check duration: 0ms. 1 active and 0 backup servers left. 0 sessions active, 0 requeued, 0 remaining in queue.
[WARNING] 356/171648 (177) : Server nodes/s2 is DOWN, reason: Layer4 connection problem, info: "Connection refused", check duration: 0ms. 0 active and 0 backup servers left. 0 sessions active, 0 requeued, 0 remaining in queue.
[ALERT] 356/171648 (177) : backend 'nodes' has no server available!
    Join completed. Synced with 1 initial agents

==> Log data will now stream in as it occurs:

    2019/12/23 17:16:47 [INFO] agent: Serf agent starting
    2019/12/23 17:16:47 [INFO] serf: EventMemberJoin: 11d97c6387d4 192.168.42.2
    2019/12/23 17:16:47 [INFO] agent: joining: [ha] replay: true
    2019/12/23 17:16:48 [INFO] agent: Received event: member-join
    2019/12/23 17:16:48 [ERR] agent: Error invoking script '/serf-handlers/member-join.sh': exit status 127
    2019/12/23 17:16:49 [INFO] agent: joined: 1 nodes
    2019/12/23 17:18:54 [INFO] serf: EventMemberJoin: 12d1f751ff93 192.168.42.3
    2019/12/23 17:18:55 [INFO] agent: Received event: member-join
    2019/12/23 17:18:55 [ERR] agent: Error invoking script '/serf-handlers/member-join.sh': exit status 127
    2019/12/23 17:21:50 [INFO] serf: EventMemberJoin: 6b19323b83d0 192.168.42.4
    2019/12/23 17:21:51 [INFO] agent: Received event: member-join
    2019/12/23 17:21:51 [ERR] agent: Error invoking script '/serf-handlers/member-join.sh': exit status 127
