[s6-init] making user provided files available at /var/run/s6/etc...exited 0.
[s6-init] ensuring user provided files have correct perms...exited 0.
[fix-attrs.d] applying ownership & permissions fixes...
[fix-attrs.d] done.
[cont-init.d] executing container initialization scripts...
[cont-init.d] done.
[services.d] starting services
[services.d] done.
/opt/bin/serf agent --join ha --replay --event-handler member-join=/serf-handlers/member-join.sh --event-handler member-leave,member-failed=/serf-handlers/member-leave.sh --tag role=balancer
[WARNING] 356/170759 (168) : Server nodes/s1 is DOWN, reason: Layer4 connection problem, info: "Connection refused", check duration: 0ms. 1 active and 0 backup servers left. 0 sessions active, 0 requeued, 0 remaining in queue.
==> Starting Serf agent...
==> Starting Serf agent RPC...
==> Serf agent running!
         Node name: 'eb63a2f54c96'
         Bind addr: '0.0.0.0:7946'
          RPC addr: '127.0.0.1:7373'
         Encrypted: false
          Snapshot: false
           Profile: lan
==> Joining cluster...(replay: true)
    Join completed. Synced with 1 initial agents

==> Log data will now stream in as it occurs:

    2019/12/23 17:07:59 [INFO] agent: Serf agent starting
    2019/12/23 17:07:59 [INFO] serf: EventMemberJoin: eb63a2f54c96 192.168.42.42
    2019/12/23 17:07:59 [INFO] agent: joining: [ha] replay: true
    2019/12/23 17:08:00 [INFO] agent: Received event: member-join
    2019/12/23 17:08:00 [ERR] agent: Error invoking script '/serf-handlers/member-join.sh': exit status 127
    2019/12/23 17:08:00 [INFO] serf: EventMemberJoin: 1469991d9f28 192.168.42.22
    2019/12/23 17:08:01 [INFO] serf: EventMemberJoin: 06e459325c52 192.168.42.11
    2019/12/23 17:08:01 [INFO] agent: joined: 1 nodes
    2019/12/23 17:08:02 [INFO] agent: Received event: member-join
    2019/12/23 17:08:02 [ERR] agent: Error invoking script '/serf-handlers/member-join.sh': exit status 127
[WARNING] 356/170803 (168) : Server nodes/s1 is UP, reason: Layer7 check passed, code: 200, info: "OK", check duration: 7ms. 2 active and 0 backup servers online. 0 sessions requeued, 0 total in queue.