[s6-init] making user provided files available at /var/run/s6/etc...exited 0.
[s6-init] ensuring user provided files have correct perms...exited 0.
[fix-attrs.d] applying ownership & permissions fixes...
[fix-attrs.d] done.
[cont-init.d] executing container initialization scripts...
[cont-init.d] done.
[services.d] starting services
[services.d] done.
/opt/bin/serf agent --join ha --tag role=backend
==> Starting Serf agent...
==> Starting Serf agent RPC...
==> Serf agent running!
         Node name: '12d1f751ff93'
         Bind addr: '0.0.0.0:7946'
          RPC addr: '127.0.0.1:7373'
         Encrypted: false
          Snapshot: false
           Profile: lan
==> Joining cluster...(replay: false)
Application started
    Join completed. Synced with 1 initial agents

==> Log data will now stream in as it occurs:

    2019/12/23 17:18:52 [INFO] agent: Serf agent starting
    2019/12/23 17:18:52 [INFO] serf: EventMemberJoin: 12d1f751ff93 192.168.42.3
    2019/12/23 17:18:52 [INFO] agent: joining: [ha] replay: false
    2019/12/23 17:18:53 [INFO] agent: Received event: member-join
    2019/12/23 17:18:54 [INFO] serf: EventMemberJoin: 11d97c6387d4 192.168.42.2
    2019/12/23 17:18:54 [INFO] agent: joined: 1 nodes
    2019/12/23 17:18:55 [INFO] agent: Received event: member-join
