[s6-init] making user provided files available at /var/run/s6/etc...exited 0.
[s6-init] ensuring user provided files have correct perms...exited 0.
[fix-attrs.d] applying ownership & permissions fixes...
[fix-attrs.d] done.
[cont-init.d] executing container initialization scripts...
[cont-init.d] done.
[services.d] starting services
[services.d] done.
/opt/bin/serf agent --join ha --replay --event-handler member-join=/serf-handlers/member-join.sh --event-handler member-leave,member-failed=/serf-handlers/member-leave.sh --tag role=balancer
[WARNING] 360/131737 (171) : Server nodes/s1 is DOWN, reason: Layer4 connection problem, info: "Connection refused", check duration: 0ms. 1 active and 0 backup servers left. 0 sessions active, 0 requeued, 0 remaining in queue.
==> Starting Serf agent...
==> Starting Serf agent RPC...
==> Serf agent running!
         Node name: 'd027ada968fc'
         Bind addr: '0.0.0.0:7946'
          RPC addr: '127.0.0.1:7373'
         Encrypted: false
          Snapshot: false
           Profile: lan
==> Joining cluster...(replay: true)
[WARNING] 360/131738 (171) : Server nodes/s2 is DOWN, reason: Layer4 connection problem, info: "Connection refused", check duration: 0ms. 0 active and 0 backup servers left. 0 sessions active, 0 requeued, 0 remaining in queue.
[ALERT] 360/131738 (171) : backend 'nodes' has no server available!
    Join completed. Synced with 1 initial agents

==> Log data will now stream in as it occurs:

    2019/12/27 13:17:37 [INFO] agent: Serf agent starting
    2019/12/27 13:17:37 [INFO] serf: EventMemberJoin: d027ada968fc 192.168.42.2
    2019/12/27 13:17:37 [INFO] agent: joining: [ha] replay: true
    2019/12/27 13:17:38 [INFO] agent: Received event: member-join
    2019/12/27 13:17:39 [INFO] agent: joined: 1 nodes
